<?xml version="1.0" encoding="UTF-8"?>
<testsuite name="hello.HelloControllerIT" tests="1" skipped="0" failures="0" errors="0" timestamp="2018-03-27T02:27:19" hostname="skinner" time="0.245">
  <properties/>
  <testcase name="getHello" classname="hello.HelloControllerIT" time="0.245"/>
  <system-out><![CDATA[23:27:16.955 [Test worker] DEBUG org.springframework.test.context.junit4.SpringJUnit4ClassRunner - SpringJUnit4ClassRunner constructor called with [class hello.HelloControllerIT]
23:27:16.955 [Test worker] DEBUG org.springframework.test.context.BootstrapUtils - Instantiating CacheAwareContextLoaderDelegate from class [org.springframework.test.context.cache.DefaultCacheAwareContextLoaderDelegate]
23:27:16.970 [Test worker] DEBUG org.springframework.test.context.BootstrapUtils - Instantiating BootstrapContext using constructor [public org.springframework.test.context.support.DefaultBootstrapContext(java.lang.Class,org.springframework.test.context.CacheAwareContextLoaderDelegate)]
23:27:16.986 [Test worker] DEBUG org.springframework.test.context.BootstrapUtils - Instantiating TestContextBootstrapper for test class [hello.HelloControllerIT] from class [org.springframework.boot.test.context.SpringBootTestContextBootstrapper]
23:27:17.002 [Test worker] INFO org.springframework.boot.test.context.SpringBootTestContextBootstrapper - Neither @ContextConfiguration nor @ContextHierarchy found for test class [hello.HelloControllerIT], using SpringBootContextLoader
23:27:17.002 [Test worker] DEBUG org.springframework.test.context.support.AbstractContextLoader - Did not detect default resource location for test class [hello.HelloControllerIT]: class path resource [hello/HelloControllerIT-context.xml] does not exist
23:27:17.002 [Test worker] DEBUG org.springframework.test.context.support.AbstractContextLoader - Did not detect default resource location for test class [hello.HelloControllerIT]: class path resource [hello/HelloControllerITContext.groovy] does not exist
23:27:17.002 [Test worker] INFO org.springframework.test.context.support.AbstractContextLoader - Could not detect default resource locations for test class [hello.HelloControllerIT]: no resource found for suffixes {-context.xml, Context.groovy}.
23:27:17.002 [Test worker] INFO org.springframework.test.context.support.AnnotationConfigContextLoaderUtils - Could not detect default configuration classes for test class [hello.HelloControllerIT]: HelloControllerIT does not declare any static, non-private, non-final, nested classes annotated with @Configuration.
23:27:17.038 [Test worker] DEBUG org.springframework.test.context.support.ActiveProfilesUtils - Could not find an 'annotation declaring class' for annotation type [org.springframework.test.context.ActiveProfiles] and class [hello.HelloControllerIT]
23:27:17.038 [Test worker] DEBUG org.springframework.core.env.StandardEnvironment - Adding PropertySource 'systemProperties' with lowest search precedence
23:27:17.038 [Test worker] DEBUG org.springframework.core.env.StandardEnvironment - Adding PropertySource 'systemEnvironment' with lowest search precedence
23:27:17.038 [Test worker] DEBUG org.springframework.core.env.StandardEnvironment - Initialized StandardEnvironment with PropertySources [MapPropertySource@82245340 {name='systemProperties', properties={java.runtime.name=Java(TM) SE Runtime Environment, sun.boot.library.path=P:\DevelopTools\Java\jdk1.8.0_152\jre\bin, java.vm.version=25.152-b16, java.vm.vendor=Oracle Corporation, java.vendor.url=http://java.oracle.com/, path.separator=;, java.vm.name=Java HotSpot(TM) 64-Bit Server VM, file.encoding.pkg=sun.io, user.script=, sun.java.launcher=SUN_STANDARD, user.country=BR, sun.os.patch.level=, java.vm.specification.name=Java Virtual Machine Specification, user.dir=P:\Santin\EasyMoto, java.runtime.version=1.8.0_152-b16, java.awt.graphicsenv=sun.awt.Win32GraphicsEnvironment, java.endorsed.dirs=P:\DevelopTools\Java\jdk1.8.0_152\jre\lib\endorsed, os.arch=amd64, java.io.tmpdir=C:\Users\cesantin\AppData\Local\Temp\, line.separator=
, java.vm.specification.vendor=Oracle Corporation, user.variant=, os.name=Windows 10, sun.jnu.encoding=Cp1252, java.library.path=P:\DevelopTools\Java\jdk1.8.0_152\bin;C:\WINDOWS\Sun\Java\bin;C:\WINDOWS\system32;C:\WINDOWS;c:\jenv\candidates\gradle\4.6\bin;C:\jenv\candidates\java\1.8.0_40\bin;C:\jenv\candidates\grails\3.2.1\bin;C:\jenv\candidates\gradle\3.0\bin;C:\jenv\candidates\java\1.8.0_40\bin;C:\jenv\candidates\grails\3.2.1\bin;C:\jenv\candidates\gradle\3.0\bin;C:\ProgramData\Oracle\Java\javapath;P:\DevelopTools\Java\jdk1.8.0_152\bin;P:\oracle\product\11.2.0\client_1\bin;C:\Program Files\Common Files\Microsoft Shared\Windows Live;C:\Program Files (x86)\Common Files\Microsoft Shared\Windows Live;C:\WINDOWS\system32;C:\WINDOWS;C:\WINDOWS\System32\Wbem;C:\WINDOWS\System32\WindowsPowerShell\v1.0\;c:\Program Files\Intel\DMIX;C:\Program Files (x86)\Intel\Services\IPT\;C:\Program Files (x86)\Windows Live\Shared;C:\DevelopTools\apache-ant-1.7.0;c:\DevelopTools\xmltools\libxml\bin;c:\DevelopTools\xmltools\libxslt\bin;c:\DevelopTools\xmltools\iconv\bin;c:\DevelopTools\xmltools\zlib\bin;C:\Program Files (x86)\Intel\OpenCL SDK\2.0\bin\x86;C:\Program Files (x86)\Intel\OpenCL SDK\2.0\bin\x64;C:\DevelopTools\apache-maven-3.3.9\bin;C:\Program Files (x86)\Microsoft SQL Server\100\Tools\Binn\;C:\Program Files (x86)\Microsoft SQL Server\100\DTS\Binn\;C:\Program Files\TortoiseHg\;C:\Program Files (x86)\Common Files\Acronis\SnapAPI\;C:\Users\cesantin\AppData\Local\Atlassian\SourceTree\git_local\bin;P:\Santin\grails-3.3.1\bin;C:\Program Files (x86)\Skype\Phone\;C:\Program Files\OpenVPN\bin;P:\DevelopTools\sbt\bin;P:\DevelopTools\nodejs\;C:\Program Files (x86)\CVSNT\;P:\jboss-5.1.0.GA\;C:\Users\cesantin\AppData\Local\atom\bin;C:\Users\cesantin\AppData\Local\Microsoft\WindowsApps;C:\Users\cesantin\AppData\Roaming\npm;., java.specification.name=Java Platform API Specification, java.class.version=52.0, org.gradle.native=false, sun.management.compiler=HotSpot 64-Bit Tiered Compilers, os.version=10.0, user.home=C:\Users\cesantin, user.timezone=America/Sao_Paulo, java.awt.printerjob=sun.awt.windows.WPrinterJob, file.encoding=windows-1252, java.specification.version=1.8, java.class.path=P:\Santin\EasyMoto\build\classes\java\test;P:\Santin\EasyMoto\build\resources\test;P:\Santin\EasyMoto\build\classes\java\main;P:\Santin\EasyMoto\build\resources\main;C:\Users\cesantin\.gradle\caches\modules-2\files-2.1\org.springframework.boot\spring-boot-starter-web\2.0.0.RELEASE\fcb2a9e18f98382e626935841f85ed44d7153615\spring-boot-starter-web-2.0.0.RELEASE.jar;C:\Users\cesantin\.gradle\caches\modules-2\files-2.1\org.springframework.boot\spring-boot-starter-test\2.0.0.RELEASE\4ff0e1d9bd315a4a5867e9c6128691cac8b37348\spring-boot-starter-test-2.0.0.RELEASE.jar;C:\Users\cesantin\.gradle\caches\modules-2\files-2.1\junit\junit\4.12\2973d150c0dc1fefe998f834810d68f278ea58ec\junit-4.12.jar;C:\Users\cesantin\.gradle\caches\modules-2\files-2.1\org.springframework.boot\spring-boot-starter-json\2.0.0.RELEASE\5a09c939d8bd60d7f163c1c0c20a3127ba9fffa\spring-boot-starter-json-2.0.0.RELEASE.jar;C:\Users\cesantin\.gradle\caches\modules-2\files-2.1\org.springframework.boot\spring-boot-starter\2.0.0.RELEASE\6d7d8e4bf053cd1833f3c7dbce676bc274f0892f\spring-boot-starter-2.0.0.RELEASE.jar;C:\Users\cesantin\.gradle\caches\modules-2\files-2.1\org.springframework.boot\spring-boot-starter-tomcat\2.0.0.RELEASE\908bc9de1a7cfa857edf44182d426f6e0d8a3008\spring-boot-starter-tomcat-2.0.0.RELEASE.jar;C:\Users\cesantin\.gradle\caches\modules-2\files-2.1\org.hibernate.validator\hibernate-validator\6.0.7.Final\8b9d9c7ec8c73963ea0fe81912fc67711a4ef76\hibernate-validator-6.0.7.Final.jar;C:\Users\cesantin\.gradle\caches\modules-2\files-2.1\org.springframework\spring-webmvc\5.0.4.RELEASE\addcf1caa22613c474bd6dde8c7134fef940b1f0\spring-webmvc-5.0.4.RELEASE.jar;C:\Users\cesantin\.gradle\caches\modules-2\files-2.1\org.springframework\spring-web\5.0.4.RELEASE\9565bbc67bf1a850a6505deaa5103931712a7b80\spring-web-5.0.4.RELEASE.jar;C:\Users\cesantin\.gradle\caches\modules-2\files-2.1\org.hamcrest\hamcrest-library\1.3\4785a3c21320980282f9f33d0d1264a69040538f\hamcrest-library-1.3.jar;C:\Users\cesantin\.gradle\caches\modules-2\files-2.1\org.hamcrest\hamcrest-core\1.3\42a25dc3219429f0e5d060061f71acb49bf010a0\hamcrest-core-1.3.jar;C:\Users\cesantin\.gradle\caches\modules-2\files-2.1\org.springframework.boot\spring-boot-test-autoconfigure\2.0.0.RELEASE\db0595321e96929d9473cf061f3408972d03c6aa\spring-boot-test-autoconfigure-2.0.0.RELEASE.jar;C:\Users\cesantin\.gradle\caches\modules-2\files-2.1\org.springframework.boot\spring-boot-test\2.0.0.RELEASE\1565e78c2801bd3c7ece0a8ddc08e5ed53676878\spring-boot-test-2.0.0.RELEASE.jar;C:\Users\cesantin\.gradle\caches\modules-2\files-2.1\com.jayway.jsonpath\json-path\2.4.0\765a4401ceb2dc8d40553c2075eb80a8fa35c2ae\json-path-2.4.0.jar;C:\Users\cesantin\.gradle\caches\modules-2\files-2.1\org.assertj\assertj-core\3.9.1\c5ce126b15f28d56cd8f960c1a6a058b9c9aea87\assertj-core-3.9.1.jar;C:\Users\cesantin\.gradle\caches\modules-2\files-2.1\org.mockito\mockito-core\2.15.0\b84bfbbc29cd22c9529409627af6ea2897f4fa85\mockito-core-2.15.0.jar;C:\Users\cesantin\.gradle\caches\modules-2\files-2.1\org.skyscreamer\jsonassert\1.5.0\6c9d5fe2f59da598d9aefc1cfc6528ff3cf32df3\jsonassert-1.5.0.jar;C:\Users\cesantin\.gradle\caches\modules-2\files-2.1\org.springframework\spring-test\5.0.4.RELEASE\3fc10b6535a113593fa8780951465012a7677e21\spring-test-5.0.4.RELEASE.jar;C:\Users\cesantin\.gradle\caches\modules-2\files-2.1\org.springframework.boot\spring-boot-autoconfigure\2.0.0.RELEASE\c89896a469ecf92996ecba40755919896ace5470\spring-boot-autoconfigure-2.0.0.RELEASE.jar;C:\Users\cesantin\.gradle\caches\modules-2\files-2.1\org.springframework.boot\spring-boot\2.0.0.RELEASE\771da2071ff14a47f108642a641c204ae4ef7b15\spring-boot-2.0.0.RELEASE.jar;C:\Users\cesantin\.gradle\caches\modules-2\files-2.1\org.springframework\spring-context\5.0.4.RELEASE\3e76d08c851113077642c5704f0f94d5ce58e905\spring-context-5.0.4.RELEASE.jar;C:\Users\cesantin\.gradle\caches\modules-2\files-2.1\org.springframework\spring-expression\5.0.4.RELEASE\4bda161f2e34c1486f2527a23eb47293567f473c\spring-expression-5.0.4.RELEASE.jar;C:\Users\cesantin\.gradle\caches\modules-2\files-2.1\org.springframework\spring-aop\5.0.4.RELEASE\f8e029e54c0267dadb6b9f713f3feb54ec4f3a0e\spring-aop-5.0.4.RELEASE.jar;C:\Users\cesantin\.gradle\caches\modules-2\files-2.1\org.springframework\spring-beans\5.0.4.RELEASE\7a8c3d48d4c33621e64d1399721d8e067450fcbd\spring-beans-5.0.4.RELEASE.jar;C:\Users\cesantin\.gradle\caches\modules-2\files-2.1\org.springframework\spring-core\5.0.4.RELEASE\2221a957b5561a34f044350ba4e30ef5870254a3\spring-core-5.0.4.RELEASE.jar;C:\Users\cesantin\.gradle\caches\modules-2\files-2.1\org.xmlunit\xmlunit-core\2.5.1\4ffdb346572a7356f7521cd3119ce5287d2e339d\xmlunit-core-2.5.1.jar;C:\Users\cesantin\.gradle\caches\modules-2\files-2.1\org.springframework.boot\spring-boot-starter-logging\2.0.0.RELEASE\fe939b71659ef1f98a53cce0b5bcf771685cf6a6\spring-boot-starter-logging-2.0.0.RELEASE.jar;C:\Users\cesantin\.gradle\caches\modules-2\files-2.1\javax.annotation\javax.annotation-api\1.3.2\934c04d3cfef185a8008e7bf34331b79730a9d43\javax.annotation-api-1.3.2.jar;C:\Users\cesantin\.gradle\caches\modules-2\files-2.1\org.yaml\snakeyaml\1.19\2d998d3d674b172a588e54ab619854d073f555b5\snakeyaml-1.19.jar;C:\Users\cesantin\.gradle\caches\modules-2\files-2.1\com.fasterxml.jackson.datatype\jackson-datatype-jdk8\2.9.4\63ac052d52a70a15820d3dc07ea757826fd51d40\jackson-datatype-jdk8-2.9.4.jar;C:\Users\cesantin\.gradle\caches\modules-2\files-2.1\com.fasterxml.jackson.datatype\jackson-datatype-jsr310\2.9.4\12d52679a6615c7972ea25bd8ebb60b191fe79b7\jackson-datatype-jsr310-2.9.4.jar;C:\Users\cesantin\.gradle\caches\modules-2\files-2.1\com.fasterxml.jackson.module\jackson-module-parameter-names\2.9.4\5833c819877c3e85bad847f4d2fa4e70379217c6\jackson-module-parameter-names-2.9.4.jar;C:\Users\cesantin\.gradle\caches\modules-2\files-2.1\com.fasterxml.jackson.core\jackson-databind\2.9.4\498bbc3b94f566982c7f7c6d4d303fce365529be\jackson-databind-2.9.4.jar;C:\Users\cesantin\.gradle\caches\modules-2\files-2.1\org.apache.tomcat.embed\tomcat-embed-websocket\8.5.28\8a5a48740dd80cad644ceb541e77fd8e0809e3b7\tomcat-embed-websocket-8.5.28.jar;C:\Users\cesantin\.gradle\caches\modules-2\files-2.1\org.apache.tomcat.embed\tomcat-embed-core\8.5.28\b684c98cf77c6528079c4e59fc1feeb218bf82f1\tomcat-embed-core-8.5.28.jar;C:\Users\cesantin\.gradle\caches\modules-2\files-2.1\org.apache.tomcat.embed\tomcat-embed-el\8.5.28\75745598f60646ccf0c4b105468a9c8be9b8432e\tomcat-embed-el-8.5.28.jar;C:\Users\cesantin\.gradle\caches\modules-2\files-2.1\javax.validation\validation-api\2.0.1.Final\cb855558e6271b1b32e716d24cb85c7f583ce09e\validation-api-2.0.1.Final.jar;C:\Users\cesantin\.gradle\caches\modules-2\files-2.1\org.jboss.logging\jboss-logging\3.3.2.Final\3789d00e859632e6c6206adc0c71625559e6e3b0\jboss-logging-3.3.2.Final.jar;C:\Users\cesantin\.gradle\caches\modules-2\files-2.1\com.fasterxml\classmate\1.3.4\3d5f48f10bbe4eb7bd862f10c0583be2e0053c6\classmate-1.3.4.jar;C:\Users\cesantin\.gradle\caches\modules-2\files-2.1\net.minidev\json-smart\2.3\7396407491352ce4fa30de92efb158adb76b5b\json-smart-2.3.jar;C:\Users\cesantin\.gradle\caches\modules-2\files-2.1\ch.qos.logback\logback-classic\1.2.3\7c4f3c474fb2c041d8028740440937705ebb473a\logback-classic-1.2.3.jar;C:\Users\cesantin\.gradle\caches\modules-2\files-2.1\org.apache.logging.log4j\log4j-to-slf4j\2.10.0\f7e631ccf49cfc0aefa4a2a728da7d374c05bd3c\log4j-to-slf4j-2.10.0.jar;C:\Users\cesantin\.gradle\caches\modules-2\files-2.1\org.slf4j\jul-to-slf4j\1.7.25\af5364cd6679bfffb114f0dec8a157aaa283b76\jul-to-slf4j-1.7.25.jar;C:\Users\cesantin\.gradle\caches\modules-2\files-2.1\org.slf4j\slf4j-api\1.7.25\da76ca59f6a57ee3102f8f9bd9cee742973efa8a\slf4j-api-1.7.25.jar;C:\Users\cesantin\.gradle\caches\modules-2\files-2.1\net.bytebuddy\byte-buddy\1.7.10\3c8ec287c0a5bd04b1e3f11723bc46a50346602b\byte-buddy-1.7.10.jar;C:\Users\cesantin\.gradle\caches\modules-2\files-2.1\net.bytebuddy\byte-buddy-agent\1.7.10\9b092a8fb9112b89f6cb23fc929cfb931b14007b\byte-buddy-agent-1.7.10.jar;C:\Users\cesantin\.gradle\caches\modules-2\files-2.1\org.objenesis\objenesis\2.6\639033469776fd37c08358c6b92a4761feb2af4b\objenesis-2.6.jar;C:\Users\cesantin\.gradle\caches\modules-2\files-2.1\com.vaadin.external.google\android-json\0.0.20131108.vaadin1\fa26d351fe62a6a17f5cda1287c1c6110dec413f\android-json-0.0.20131108.vaadin1.jar;C:\Users\cesantin\.gradle\caches\modules-2\files-2.1\org.springframework\spring-jcl\5.0.4.RELEASE\3053e2bad0a18571bdbb9596ce51f9d458f5934f\spring-jcl-5.0.4.RELEASE.jar;C:\Users\cesantin\.gradle\caches\modules-2\files-2.1\com.fasterxml.jackson.core\jackson-annotations\2.9.0\7c10d545325e3a6e72e06381afe469fd40eb701\jackson-annotations-2.9.0.jar;C:\Users\cesantin\.gradle\caches\modules-2\files-2.1\com.fasterxml.jackson.core\jackson-core\2.9.4\a9a71ec1aa37da47db168fede9a4a5fb5e374320\jackson-core-2.9.4.jar;C:\Users\cesantin\.gradle\caches\modules-2\files-2.1\net.minidev\accessors-smart\1.2\c592b500269bfde36096641b01238a8350f8aa31\accessors-smart-1.2.jar;C:\Users\cesantin\.gradle\caches\modules-2\files-2.1\ch.qos.logback\logback-core\1.2.3\864344400c3d4d92dfeb0a305dc87d953677c03c\logback-core-1.2.3.jar;C:\Users\cesantin\.gradle\caches\modules-2\files-2.1\org.apache.logging.log4j\log4j-api\2.10.0\fec5797a55b786184a537abd39c3fa1449d752d6\log4j-api-2.10.0.jar;C:\Users\cesantin\.gradle\caches\modules-2\files-2.1\org.ow2.asm\asm\5.0.4\da08b8cce7bbf903602a25a3a163ae252435795\asm-5.0.4.jar, user.name=cesantin, java.vm.specification.version=1.8, sun.java.command=worker.org.gradle.process.internal.worker.GradleWorkerMain 'Gradle Test Executor 7', java.home=P:\DevelopTools\Java\jdk1.8.0_152\jre, sun.arch.data.model=64, user.language=pt, java.specification.vendor=Oracle Corporation, awt.toolkit=sun.awt.windows.WToolkit, java.vm.info=mixed mode, java.version=1.8.0_152, java.ext.dirs=P:\DevelopTools\Java\jdk1.8.0_152\jre\lib\ext;C:\WINDOWS\Sun\Java\lib\ext, sun.boot.class.path=P:\DevelopTools\Java\jdk1.8.0_152\jre\lib\resources.jar;P:\DevelopTools\Java\jdk1.8.0_152\jre\lib\rt.jar;P:\DevelopTools\Java\jdk1.8.0_152\jre\lib\sunrsasign.jar;P:\DevelopTools\Java\jdk1.8.0_152\jre\lib\jsse.jar;P:\DevelopTools\Java\jdk1.8.0_152\jre\lib\jce.jar;P:\DevelopTools\Java\jdk1.8.0_152\jre\lib\charsets.jar;P:\DevelopTools\Java\jdk1.8.0_152\jre\lib\jfr.jar;P:\DevelopTools\Java\jdk1.8.0_152\jre\classes, java.vendor=Oracle Corporation, org.gradle.test.worker=7, file.separator=\, java.vendor.url.bug=http://bugreport.sun.com/bugreport/, sun.io.unicode.encoding=UnicodeLittle, sun.cpu.endian=little, sun.desktop=windows, sun.cpu.isalist=amd64}}, SystemEnvironmentPropertySource@1566125669 {name='systemEnvironment', properties={USERDOMAIN_ROAMINGPROFILE=ENDEEPER, PROCESSOR_LEVEL=6, Platform=BPC, FP_NO_HOST_CHECK=NO, M2=C:\DevelopTools\apache-maven-3.3.9\bin, GRAILS_HOME=C:\jenv\candidates\grails\3.2.1, SESSIONNAME=Console, ALLUSERSPROFILE=C:\ProgramData, PROCESSOR_ARCHITECTURE=AMD64, PSModulePath=C:\Users\cesantin\Documents\WindowsPowerShell\Modules;C:\Program Files\WindowsPowerShell\Modules;C:\WINDOWS\system32\WindowsPowerShell\v1.0\Modules\, SystemDrive=C:, =ExitCode=00000001, DIRNAME=P:\Santin\EasyMoto\, USERNAME=cesantin, USERDNSDOMAIN=ENDEEPER.LOCAL, CMD_LINE_ARGS=build, OOBEUILang=pt-BR, ProgramFiles(x86)=C:\Program Files (x86), FPS_BROWSER_USER_PROFILE_STRING=Default, APP_HOME=P:\Santin\EasyMoto\, PATHEXT=.COM;.EXE;.BAT;.CMD;.VBS;.VBE;.JS;.JSE;.WSF;.WSH;.MSC;.CPL, JBOSS_PROFILER_DLL_PATH=P:\jboss-5.1.0.GA\, XMLTOOLS_LIBS=c:\DevelopTools\xmltools\libxml\bin;c:\DevelopTools\xmltools\libxslt\bin;c:\DevelopTools\xmltools\iconv\bin;c:\DevelopTools\xmltools\zlib\bin, HOMESHARE=\\devsrv1\home\cesantin, ProgramData=C:\ProgramData, ProgramW6432=C:\Program Files, HOMEPATH=\, PROCESSOR_IDENTIFIER=Intel64 Family 6 Model 42 Stepping 7, GenuineIntel, M2_HOME=C:\DevelopTools\apache-maven-3.3.9, ProgramFiles=C:\Program Files, PUBLIC=C:\Users\Public, windir=C:\WINDOWS, =::=::\, _SKIP=2, LOCALAPPDATA=C:\Users\cesantin\AppData\Local, USERDOMAIN=ENDEEPER, FPS_BROWSER_APP_PROFILE_STRING=Internet Explorer, LOGONSERVER=\\DEVSRV1, JAVA_HOME=C:\jenv\candidates\java\1.8.0_40, PROMPT=$P$G, GRADLE_HOME=c:\jenv\candidates\gradle\4.6, ANT_HOME=C:\DevelopTools\apache-ant-1.7.0, FPPUILang=en-US, OneDrive=C:\Users\cesantin\OneDrive, APPDATA=C:\Users\cesantin\AppData\Roaming, JAVA_EXE=C:\jenv\candidates\java\1.8.0_40/bin/java.exe, windows_tracing_logfile=C:\BVTBin\Tests\installpackage\csilogfile.log, CommonProgramFiles=C:\Program Files\Common Files, Path=c:\jenv\candidates\gradle\4.6\bin;C:\jenv\candidates\java\1.8.0_40\bin;C:\jenv\candidates\grails\3.2.1\bin;C:\jenv\candidates\gradle\3.0\bin;C:\jenv\candidates\java\1.8.0_40\bin;C:\jenv\candidates\grails\3.2.1\bin;C:\jenv\candidates\gradle\3.0\bin;C:\ProgramData\Oracle\Java\javapath;P:\DevelopTools\Java\jdk1.8.0_152\bin;P:\oracle\product\11.2.0\client_1\bin;C:\Program Files\Common Files\Microsoft Shared\Windows Live;C:\Program Files (x86)\Common Files\Microsoft Shared\Windows Live;C:\WINDOWS\system32;C:\WINDOWS;C:\WINDOWS\System32\Wbem;C:\WINDOWS\System32\WindowsPowerShell\v1.0\;c:\Program Files\Intel\DMIX;C:\Program Files (x86)\Intel\Services\IPT\;C:\Program Files (x86)\Windows Live\Shared;C:\DevelopTools\apache-ant-1.7.0;c:\DevelopTools\xmltools\libxml\bin;c:\DevelopTools\xmltools\libxslt\bin;c:\DevelopTools\xmltools\iconv\bin;c:\DevelopTools\xmltools\zlib\bin;C:\Program Files (x86)\Intel\OpenCL SDK\2.0\bin\x86;C:\Program Files (x86)\Intel\OpenCL SDK\2.0\bin\x64;C:\DevelopTools\apache-maven-3.3.9\bin;C:\Program Files (x86)\Microsoft SQL Server\100\Tools\Binn\;C:\Program Files (x86)\Microsoft SQL Server\100\DTS\Binn\;C:\Program Files\TortoiseHg\;C:\Program Files (x86)\Common Files\Acronis\SnapAPI\;C:\Users\cesantin\AppData\Local\Atlassian\SourceTree\git_local\bin;P:\Santin\grails-3.3.1\bin;C:\Program Files (x86)\Skype\Phone\;C:\Program Files\OpenVPN\bin;P:\DevelopTools\sbt\bin;P:\DevelopTools\nodejs\;C:\Program Files (x86)\CVSNT\;P:\jboss-5.1.0.GA\;C:\Users\cesantin\AppData\Local\atom\bin;C:\Users\cesantin\AppData\Local\Microsoft\WindowsApps;C:\Users\cesantin\AppData\Roaming\npm, OS=Windows_NT, windows_tracing_flags=3, COMPUTERNAME=SKINNER, =P:=P:\Santin\EasyMoto, SBT_HOME=P:\DevelopTools\sbt, OnlineServices=Online Services, PROCESSOR_REVISION=2a07, CLASSPATH=P:\Santin\EasyMoto\\gradle\wrapper\gradle-wrapper.jar, CommonProgramW6432=C:\Program Files\Common Files, ComSpec=C:\WINDOWS\system32\cmd.exe, APP_BASE_NAME=gradlew, SystemRoot=C:\WINDOWS, TEMP=C:\Users\cesantin\AppData\Local\Temp, HOMEDRIVE=U:, USERPROFILE=C:\Users\cesantin, TMP=C:\Users\cesantin\AppData\Local\Temp, CommonProgramFiles(x86)=C:\Program Files (x86)\Common Files, NUMBER_OF_PROCESSORS=8, caminho=C:\oraclexe\app\oracle\product\11.2.0\server\bin;}}]
23:27:17.053 [Test worker] DEBUG org.springframework.core.io.support.PathMatchingResourcePatternResolver - Resolved classpath location [hello/] to resources [URL [file:/P:/Santin/EasyMoto/build/classes/java/test/hello/], URL [file:/P:/Santin/EasyMoto/build/classes/java/main/hello/]]
23:27:17.053 [Test worker] DEBUG org.springframework.core.io.support.PathMatchingResourcePatternResolver - Looking for matching resources in directory tree [P:\Santin\EasyMoto\build\classes\java\test\hello]
23:27:17.053 [Test worker] DEBUG org.springframework.core.io.support.PathMatchingResourcePatternResolver - Searching directory [P:\Santin\EasyMoto\build\classes\java\test\hello] for files matching pattern [P:/Santin/EasyMoto/build/classes/java/test/hello/*.class]
23:27:17.069 [Test worker] DEBUG org.springframework.core.io.support.PathMatchingResourcePatternResolver - Looking for matching resources in directory tree [P:\Santin\EasyMoto\build\classes\java\main\hello]
23:27:17.069 [Test worker] DEBUG org.springframework.core.io.support.PathMatchingResourcePatternResolver - Searching directory [P:\Santin\EasyMoto\build\classes\java\main\hello] for files matching pattern [P:/Santin/EasyMoto/build/classes/java/main/hello/*.class]
23:27:17.069 [Test worker] DEBUG org.springframework.core.io.support.PathMatchingResourcePatternResolver - Resolved location pattern [classpath*:hello/*.class] to resources [file [P:\Santin\EasyMoto\build\classes\java\test\hello\HelloControllerIT.class], file [P:\Santin\EasyMoto\build\classes\java\test\hello\HelloControllerTest.class], file [P:\Santin\EasyMoto\build\classes\java\main\hello\Application.class], file [P:\Santin\EasyMoto\build\classes\java\main\hello\HelloController.class]]
23:27:17.116 [Test worker] DEBUG org.springframework.context.annotation.ClassPathScanningCandidateComponentProvider - Identified candidate component class: file [P:\Santin\EasyMoto\build\classes\java\main\hello\Application.class]
23:27:17.116 [Test worker] INFO org.springframework.boot.test.context.SpringBootTestContextBootstrapper - Found @SpringBootConfiguration hello.Application for test class hello.HelloControllerIT
23:27:17.230 [Test worker] DEBUG org.springframework.boot.test.context.SpringBootTestContextBootstrapper - @TestExecutionListeners is not present for class [hello.HelloControllerIT]: using defaults.
23:27:17.230 [Test worker] INFO org.springframework.boot.test.context.SpringBootTestContextBootstrapper - Loaded default TestExecutionListener class names from location [META-INF/spring.factories]: [org.springframework.boot.test.autoconfigure.restdocs.RestDocsTestExecutionListener, org.springframework.boot.test.autoconfigure.web.client.MockRestServiceServerResetTestExecutionListener, org.springframework.boot.test.autoconfigure.web.servlet.MockMvcPrintOnlyOnFailureTestExecutionListener, org.springframework.boot.test.autoconfigure.web.servlet.WebDriverTestExecutionListener, org.springframework.boot.test.mock.mockito.MockitoTestExecutionListener, org.springframework.boot.test.mock.mockito.ResetMocksTestExecutionListener, org.springframework.test.context.web.ServletTestExecutionListener, org.springframework.test.context.support.DirtiesContextBeforeModesTestExecutionListener, org.springframework.test.context.support.DependencyInjectionTestExecutionListener, org.springframework.test.context.support.DirtiesContextTestExecutionListener, org.springframework.test.context.transaction.TransactionalTestExecutionListener, org.springframework.test.context.jdbc.SqlScriptsTestExecutionListener]
23:27:17.250 [Test worker] DEBUG org.springframework.boot.test.context.SpringBootTestContextBootstrapper - Skipping candidate TestExecutionListener [org.springframework.test.context.transaction.TransactionalTestExecutionListener] due to a missing dependency. Specify custom listener classes or make the default listener classes and their required dependencies available. Offending class: [org/springframework/transaction/interceptor/TransactionAttributeSource]
23:27:17.250 [Test worker] DEBUG org.springframework.boot.test.context.SpringBootTestContextBootstrapper - Skipping candidate TestExecutionListener [org.springframework.test.context.jdbc.SqlScriptsTestExecutionListener] due to a missing dependency. Specify custom listener classes or make the default listener classes and their required dependencies available. Offending class: [org/springframework/transaction/interceptor/TransactionAttribute]
23:27:17.250 [Test worker] INFO org.springframework.boot.test.context.SpringBootTestContextBootstrapper - Using TestExecutionListeners: [org.springframework.test.context.web.ServletTestExecutionListener@79712e97, org.springframework.test.context.support.DirtiesContextBeforeModesTestExecutionListener@e724e02, org.springframework.boot.test.mock.mockito.MockitoTestExecutionListener@10001dc, org.springframework.boot.test.autoconfigure.SpringBootDependencyInjectionTestExecutionListener@768c71b0, org.springframework.test.context.support.DirtiesContextTestExecutionListener@6f9ec60, org.springframework.boot.test.autoconfigure.restdocs.RestDocsTestExecutionListener@1a67b0e3, org.springframework.boot.test.autoconfigure.web.client.MockRestServiceServerResetTestExecutionListener@1b684c92, org.springframework.boot.test.autoconfigure.web.servlet.MockMvcPrintOnlyOnFailureTestExecutionListener@e7cafbe, org.springframework.boot.test.autoconfigure.web.servlet.WebDriverTestExecutionListener@472fc8fd, org.springframework.boot.test.mock.mockito.ResetMocksTestExecutionListener@60688853]
23:27:17.250 [Test worker] DEBUG org.springframework.test.annotation.ProfileValueUtils - Retrieved @ProfileValueSourceConfiguration [null] for test class [hello.HelloControllerIT]
23:27:17.250 [Test worker] DEBUG org.springframework.test.annotation.ProfileValueUtils - Retrieved ProfileValueSource type [class org.springframework.test.annotation.SystemProfileValueSource] for class [hello.HelloControllerIT]
23:27:17.250 [Test worker] DEBUG org.springframework.test.annotation.ProfileValueUtils - Retrieved @ProfileValueSourceConfiguration [null] for test class [hello.HelloControllerIT]
23:27:17.250 [Test worker] DEBUG org.springframework.test.annotation.ProfileValueUtils - Retrieved ProfileValueSource type [class org.springframework.test.annotation.SystemProfileValueSource] for class [hello.HelloControllerIT]
23:27:17.250 [Test worker] DEBUG org.springframework.test.context.support.AbstractDirtiesContextTestExecutionListener - Before test class: context [DefaultTestContext@15b7eb2c testClass = HelloControllerIT, testInstance = [null], testMethod = [null], testException = [null], mergedContextConfiguration = [WebMergedContextConfiguration@14bba2d testClass = HelloControllerIT, locations = '{}', classes = '{class hello.Application}', contextInitializerClasses = '[]', activeProfiles = '{}', propertySourceLocations = '{}', propertySourceProperties = '{org.springframework.boot.test.context.SpringBootTestContextBootstrapper=true, server.port=0}', contextCustomizers = set[org.springframework.boot.test.autoconfigure.properties.PropertyMappingContextCustomizer@0, org.springframework.boot.test.autoconfigure.web.servlet.WebDriverContextCustomizerFactory$Customizer@33760732, org.springframework.boot.test.context.filter.ExcludeFilterContextCustomizer@3eda097f, org.springframework.boot.test.json.DuplicateJsonObjectContextCustomizerFactory$DuplicateJsonObjectContextCustomizer@c348e95, org.springframework.boot.test.mock.mockito.MockitoContextCustomizer@0, org.springframework.boot.test.web.client.TestRestTemplateContextCustomizer@3a408e46], resourceBasePath = 'src/main/webapp', contextLoader = 'org.springframework.boot.test.context.SpringBootContextLoader', parent = [null]], attributes = map['org.springframework.test.context.web.ServletTestExecutionListener.activateListener' -> false]], class annotated with @DirtiesContext [false] with mode [null].
23:27:17.250 [Test worker] DEBUG org.springframework.test.annotation.ProfileValueUtils - Retrieved @ProfileValueSourceConfiguration [null] for test class [hello.HelloControllerIT]
23:27:17.250 [Test worker] DEBUG org.springframework.test.annotation.ProfileValueUtils - Retrieved ProfileValueSource type [class org.springframework.test.annotation.SystemProfileValueSource] for class [hello.HelloControllerIT]
23:27:17.265 [Test worker] DEBUG org.springframework.test.context.support.DependencyInjectionTestExecutionListener - Performing dependency injection for test context [[DefaultTestContext@15b7eb2c testClass = HelloControllerIT, testInstance = hello.HelloControllerIT@691b1694, testMethod = [null], testException = [null], mergedContextConfiguration = [WebMergedContextConfiguration@14bba2d testClass = HelloControllerIT, locations = '{}', classes = '{class hello.Application}', contextInitializerClasses = '[]', activeProfiles = '{}', propertySourceLocations = '{}', propertySourceProperties = '{org.springframework.boot.test.context.SpringBootTestContextBootstrapper=true, server.port=0}', contextCustomizers = set[org.springframework.boot.test.autoconfigure.properties.PropertyMappingContextCustomizer@0, org.springframework.boot.test.autoconfigure.web.servlet.WebDriverContextCustomizerFactory$Customizer@33760732, org.springframework.boot.test.context.filter.ExcludeFilterContextCustomizer@3eda097f, org.springframework.boot.test.json.DuplicateJsonObjectContextCustomizerFactory$DuplicateJsonObjectContextCustomizer@c348e95, org.springframework.boot.test.mock.mockito.MockitoContextCustomizer@0, org.springframework.boot.test.web.client.TestRestTemplateContextCustomizer@3a408e46], resourceBasePath = 'src/main/webapp', contextLoader = 'org.springframework.boot.test.context.SpringBootContextLoader', parent = [null]], attributes = map['org.springframework.test.context.web.ServletTestExecutionListener.activateListener' -> false]]].
23:27:17.281 [Test worker] DEBUG org.springframework.core.env.StandardEnvironment - Adding PropertySource 'systemProperties' with lowest search precedence
23:27:17.281 [Test worker] DEBUG org.springframework.core.env.StandardEnvironment - Adding PropertySource 'systemEnvironment' with lowest search precedence
23:27:17.281 [Test worker] DEBUG org.springframework.core.env.StandardEnvironment - Initialized StandardEnvironment with PropertySources [MapPropertySource@1674262590 {name='systemProperties', properties={java.runtime.name=Java(TM) SE Runtime Environment, sun.boot.library.path=P:\DevelopTools\Java\jdk1.8.0_152\jre\bin, java.vm.version=25.152-b16, java.vm.vendor=Oracle Corporation, java.vendor.url=http://java.oracle.com/, path.separator=;, java.vm.name=Java HotSpot(TM) 64-Bit Server VM, file.encoding.pkg=sun.io, user.script=, sun.java.launcher=SUN_STANDARD, user.country=BR, sun.os.patch.level=, java.vm.specification.name=Java Virtual Machine Specification, user.dir=P:\Santin\EasyMoto, java.runtime.version=1.8.0_152-b16, java.awt.graphicsenv=sun.awt.Win32GraphicsEnvironment, java.endorsed.dirs=P:\DevelopTools\Java\jdk1.8.0_152\jre\lib\endorsed, os.arch=amd64, java.io.tmpdir=C:\Users\cesantin\AppData\Local\Temp\, line.separator=
, java.vm.specification.vendor=Oracle Corporation, user.variant=, os.name=Windows 10, sun.jnu.encoding=Cp1252, java.library.path=P:\DevelopTools\Java\jdk1.8.0_152\bin;C:\WINDOWS\Sun\Java\bin;C:\WINDOWS\system32;C:\WINDOWS;c:\jenv\candidates\gradle\4.6\bin;C:\jenv\candidates\java\1.8.0_40\bin;C:\jenv\candidates\grails\3.2.1\bin;C:\jenv\candidates\gradle\3.0\bin;C:\jenv\candidates\java\1.8.0_40\bin;C:\jenv\candidates\grails\3.2.1\bin;C:\jenv\candidates\gradle\3.0\bin;C:\ProgramData\Oracle\Java\javapath;P:\DevelopTools\Java\jdk1.8.0_152\bin;P:\oracle\product\11.2.0\client_1\bin;C:\Program Files\Common Files\Microsoft Shared\Windows Live;C:\Program Files (x86)\Common Files\Microsoft Shared\Windows Live;C:\WINDOWS\system32;C:\WINDOWS;C:\WINDOWS\System32\Wbem;C:\WINDOWS\System32\WindowsPowerShell\v1.0\;c:\Program Files\Intel\DMIX;C:\Program Files (x86)\Intel\Services\IPT\;C:\Program Files (x86)\Windows Live\Shared;C:\DevelopTools\apache-ant-1.7.0;c:\DevelopTools\xmltools\libxml\bin;c:\DevelopTools\xmltools\libxslt\bin;c:\DevelopTools\xmltools\iconv\bin;c:\DevelopTools\xmltools\zlib\bin;C:\Program Files (x86)\Intel\OpenCL SDK\2.0\bin\x86;C:\Program Files (x86)\Intel\OpenCL SDK\2.0\bin\x64;C:\DevelopTools\apache-maven-3.3.9\bin;C:\Program Files (x86)\Microsoft SQL Server\100\Tools\Binn\;C:\Program Files (x86)\Microsoft SQL Server\100\DTS\Binn\;C:\Program Files\TortoiseHg\;C:\Program Files (x86)\Common Files\Acronis\SnapAPI\;C:\Users\cesantin\AppData\Local\Atlassian\SourceTree\git_local\bin;P:\Santin\grails-3.3.1\bin;C:\Program Files (x86)\Skype\Phone\;C:\Program Files\OpenVPN\bin;P:\DevelopTools\sbt\bin;P:\DevelopTools\nodejs\;C:\Program Files (x86)\CVSNT\;P:\jboss-5.1.0.GA\;C:\Users\cesantin\AppData\Local\atom\bin;C:\Users\cesantin\AppData\Local\Microsoft\WindowsApps;C:\Users\cesantin\AppData\Roaming\npm;., java.specification.name=Java Platform API Specification, java.class.version=52.0, org.gradle.native=false, sun.management.compiler=HotSpot 64-Bit Tiered Compilers, os.version=10.0, user.home=C:\Users\cesantin, user.timezone=America/Sao_Paulo, java.awt.printerjob=sun.awt.windows.WPrinterJob, file.encoding=windows-1252, java.specification.version=1.8, java.class.path=P:\Santin\EasyMoto\build\classes\java\test;P:\Santin\EasyMoto\build\resources\test;P:\Santin\EasyMoto\build\classes\java\main;P:\Santin\EasyMoto\build\resources\main;C:\Users\cesantin\.gradle\caches\modules-2\files-2.1\org.springframework.boot\spring-boot-starter-web\2.0.0.RELEASE\fcb2a9e18f98382e626935841f85ed44d7153615\spring-boot-starter-web-2.0.0.RELEASE.jar;C:\Users\cesantin\.gradle\caches\modules-2\files-2.1\org.springframework.boot\spring-boot-starter-test\2.0.0.RELEASE\4ff0e1d9bd315a4a5867e9c6128691cac8b37348\spring-boot-starter-test-2.0.0.RELEASE.jar;C:\Users\cesantin\.gradle\caches\modules-2\files-2.1\junit\junit\4.12\2973d150c0dc1fefe998f834810d68f278ea58ec\junit-4.12.jar;C:\Users\cesantin\.gradle\caches\modules-2\files-2.1\org.springframework.boot\spring-boot-starter-json\2.0.0.RELEASE\5a09c939d8bd60d7f163c1c0c20a3127ba9fffa\spring-boot-starter-json-2.0.0.RELEASE.jar;C:\Users\cesantin\.gradle\caches\modules-2\files-2.1\org.springframework.boot\spring-boot-starter\2.0.0.RELEASE\6d7d8e4bf053cd1833f3c7dbce676bc274f0892f\spring-boot-starter-2.0.0.RELEASE.jar;C:\Users\cesantin\.gradle\caches\modules-2\files-2.1\org.springframework.boot\spring-boot-starter-tomcat\2.0.0.RELEASE\908bc9de1a7cfa857edf44182d426f6e0d8a3008\spring-boot-starter-tomcat-2.0.0.RELEASE.jar;C:\Users\cesantin\.gradle\caches\modules-2\files-2.1\org.hibernate.validator\hibernate-validator\6.0.7.Final\8b9d9c7ec8c73963ea0fe81912fc67711a4ef76\hibernate-validator-6.0.7.Final.jar;C:\Users\cesantin\.gradle\caches\modules-2\files-2.1\org.springframework\spring-webmvc\5.0.4.RELEASE\addcf1caa22613c474bd6dde8c7134fef940b1f0\spring-webmvc-5.0.4.RELEASE.jar;C:\Users\cesantin\.gradle\caches\modules-2\files-2.1\org.springframework\spring-web\5.0.4.RELEASE\9565bbc67bf1a850a6505deaa5103931712a7b80\spring-web-5.0.4.RELEASE.jar;C:\Users\cesantin\.gradle\caches\modules-2\files-2.1\org.hamcrest\hamcrest-library\1.3\4785a3c21320980282f9f33d0d1264a69040538f\hamcrest-library-1.3.jar;C:\Users\cesantin\.gradle\caches\modules-2\files-2.1\org.hamcrest\hamcrest-core\1.3\42a25dc3219429f0e5d060061f71acb49bf010a0\hamcrest-core-1.3.jar;C:\Users\cesantin\.gradle\caches\modules-2\files-2.1\org.springframework.boot\spring-boot-test-autoconfigure\2.0.0.RELEASE\db0595321e96929d9473cf061f3408972d03c6aa\spring-boot-test-autoconfigure-2.0.0.RELEASE.jar;C:\Users\cesantin\.gradle\caches\modules-2\files-2.1\org.springframework.boot\spring-boot-test\2.0.0.RELEASE\1565e78c2801bd3c7ece0a8ddc08e5ed53676878\spring-boot-test-2.0.0.RELEASE.jar;C:\Users\cesantin\.gradle\caches\modules-2\files-2.1\com.jayway.jsonpath\json-path\2.4.0\765a4401ceb2dc8d40553c2075eb80a8fa35c2ae\json-path-2.4.0.jar;C:\Users\cesantin\.gradle\caches\modules-2\files-2.1\org.assertj\assertj-core\3.9.1\c5ce126b15f28d56cd8f960c1a6a058b9c9aea87\assertj-core-3.9.1.jar;C:\Users\cesantin\.gradle\caches\modules-2\files-2.1\org.mockito\mockito-core\2.15.0\b84bfbbc29cd22c9529409627af6ea2897f4fa85\mockito-core-2.15.0.jar;C:\Users\cesantin\.gradle\caches\modules-2\files-2.1\org.skyscreamer\jsonassert\1.5.0\6c9d5fe2f59da598d9aefc1cfc6528ff3cf32df3\jsonassert-1.5.0.jar;C:\Users\cesantin\.gradle\caches\modules-2\files-2.1\org.springframework\spring-test\5.0.4.RELEASE\3fc10b6535a113593fa8780951465012a7677e21\spring-test-5.0.4.RELEASE.jar;C:\Users\cesantin\.gradle\caches\modules-2\files-2.1\org.springframework.boot\spring-boot-autoconfigure\2.0.0.RELEASE\c89896a469ecf92996ecba40755919896ace5470\spring-boot-autoconfigure-2.0.0.RELEASE.jar;C:\Users\cesantin\.gradle\caches\modules-2\files-2.1\org.springframework.boot\spring-boot\2.0.0.RELEASE\771da2071ff14a47f108642a641c204ae4ef7b15\spring-boot-2.0.0.RELEASE.jar;C:\Users\cesantin\.gradle\caches\modules-2\files-2.1\org.springframework\spring-context\5.0.4.RELEASE\3e76d08c851113077642c5704f0f94d5ce58e905\spring-context-5.0.4.RELEASE.jar;C:\Users\cesantin\.gradle\caches\modules-2\files-2.1\org.springframework\spring-expression\5.0.4.RELEASE\4bda161f2e34c1486f2527a23eb47293567f473c\spring-expression-5.0.4.RELEASE.jar;C:\Users\cesantin\.gradle\caches\modules-2\files-2.1\org.springframework\spring-aop\5.0.4.RELEASE\f8e029e54c0267dadb6b9f713f3feb54ec4f3a0e\spring-aop-5.0.4.RELEASE.jar;C:\Users\cesantin\.gradle\caches\modules-2\files-2.1\org.springframework\spring-beans\5.0.4.RELEASE\7a8c3d48d4c33621e64d1399721d8e067450fcbd\spring-beans-5.0.4.RELEASE.jar;C:\Users\cesantin\.gradle\caches\modules-2\files-2.1\org.springframework\spring-core\5.0.4.RELEASE\2221a957b5561a34f044350ba4e30ef5870254a3\spring-core-5.0.4.RELEASE.jar;C:\Users\cesantin\.gradle\caches\modules-2\files-2.1\org.xmlunit\xmlunit-core\2.5.1\4ffdb346572a7356f7521cd3119ce5287d2e339d\xmlunit-core-2.5.1.jar;C:\Users\cesantin\.gradle\caches\modules-2\files-2.1\org.springframework.boot\spring-boot-starter-logging\2.0.0.RELEASE\fe939b71659ef1f98a53cce0b5bcf771685cf6a6\spring-boot-starter-logging-2.0.0.RELEASE.jar;C:\Users\cesantin\.gradle\caches\modules-2\files-2.1\javax.annotation\javax.annotation-api\1.3.2\934c04d3cfef185a8008e7bf34331b79730a9d43\javax.annotation-api-1.3.2.jar;C:\Users\cesantin\.gradle\caches\modules-2\files-2.1\org.yaml\snakeyaml\1.19\2d998d3d674b172a588e54ab619854d073f555b5\snakeyaml-1.19.jar;C:\Users\cesantin\.gradle\caches\modules-2\files-2.1\com.fasterxml.jackson.datatype\jackson-datatype-jdk8\2.9.4\63ac052d52a70a15820d3dc07ea757826fd51d40\jackson-datatype-jdk8-2.9.4.jar;C:\Users\cesantin\.gradle\caches\modules-2\files-2.1\com.fasterxml.jackson.datatype\jackson-datatype-jsr310\2.9.4\12d52679a6615c7972ea25bd8ebb60b191fe79b7\jackson-datatype-jsr310-2.9.4.jar;C:\Users\cesantin\.gradle\caches\modules-2\files-2.1\com.fasterxml.jackson.module\jackson-module-parameter-names\2.9.4\5833c819877c3e85bad847f4d2fa4e70379217c6\jackson-module-parameter-names-2.9.4.jar;C:\Users\cesantin\.gradle\caches\modules-2\files-2.1\com.fasterxml.jackson.core\jackson-databind\2.9.4\498bbc3b94f566982c7f7c6d4d303fce365529be\jackson-databind-2.9.4.jar;C:\Users\cesantin\.gradle\caches\modules-2\files-2.1\org.apache.tomcat.embed\tomcat-embed-websocket\8.5.28\8a5a48740dd80cad644ceb541e77fd8e0809e3b7\tomcat-embed-websocket-8.5.28.jar;C:\Users\cesantin\.gradle\caches\modules-2\files-2.1\org.apache.tomcat.embed\tomcat-embed-core\8.5.28\b684c98cf77c6528079c4e59fc1feeb218bf82f1\tomcat-embed-core-8.5.28.jar;C:\Users\cesantin\.gradle\caches\modules-2\files-2.1\org.apache.tomcat.embed\tomcat-embed-el\8.5.28\75745598f60646ccf0c4b105468a9c8be9b8432e\tomcat-embed-el-8.5.28.jar;C:\Users\cesantin\.gradle\caches\modules-2\files-2.1\javax.validation\validation-api\2.0.1.Final\cb855558e6271b1b32e716d24cb85c7f583ce09e\validation-api-2.0.1.Final.jar;C:\Users\cesantin\.gradle\caches\modules-2\files-2.1\org.jboss.logging\jboss-logging\3.3.2.Final\3789d00e859632e6c6206adc0c71625559e6e3b0\jboss-logging-3.3.2.Final.jar;C:\Users\cesantin\.gradle\caches\modules-2\files-2.1\com.fasterxml\classmate\1.3.4\3d5f48f10bbe4eb7bd862f10c0583be2e0053c6\classmate-1.3.4.jar;C:\Users\cesantin\.gradle\caches\modules-2\files-2.1\net.minidev\json-smart\2.3\7396407491352ce4fa30de92efb158adb76b5b\json-smart-2.3.jar;C:\Users\cesantin\.gradle\caches\modules-2\files-2.1\ch.qos.logback\logback-classic\1.2.3\7c4f3c474fb2c041d8028740440937705ebb473a\logback-classic-1.2.3.jar;C:\Users\cesantin\.gradle\caches\modules-2\files-2.1\org.apache.logging.log4j\log4j-to-slf4j\2.10.0\f7e631ccf49cfc0aefa4a2a728da7d374c05bd3c\log4j-to-slf4j-2.10.0.jar;C:\Users\cesantin\.gradle\caches\modules-2\files-2.1\org.slf4j\jul-to-slf4j\1.7.25\af5364cd6679bfffb114f0dec8a157aaa283b76\jul-to-slf4j-1.7.25.jar;C:\Users\cesantin\.gradle\caches\modules-2\files-2.1\org.slf4j\slf4j-api\1.7.25\da76ca59f6a57ee3102f8f9bd9cee742973efa8a\slf4j-api-1.7.25.jar;C:\Users\cesantin\.gradle\caches\modules-2\files-2.1\net.bytebuddy\byte-buddy\1.7.10\3c8ec287c0a5bd04b1e3f11723bc46a50346602b\byte-buddy-1.7.10.jar;C:\Users\cesantin\.gradle\caches\modules-2\files-2.1\net.bytebuddy\byte-buddy-agent\1.7.10\9b092a8fb9112b89f6cb23fc929cfb931b14007b\byte-buddy-agent-1.7.10.jar;C:\Users\cesantin\.gradle\caches\modules-2\files-2.1\org.objenesis\objenesis\2.6\639033469776fd37c08358c6b92a4761feb2af4b\objenesis-2.6.jar;C:\Users\cesantin\.gradle\caches\modules-2\files-2.1\com.vaadin.external.google\android-json\0.0.20131108.vaadin1\fa26d351fe62a6a17f5cda1287c1c6110dec413f\android-json-0.0.20131108.vaadin1.jar;C:\Users\cesantin\.gradle\caches\modules-2\files-2.1\org.springframework\spring-jcl\5.0.4.RELEASE\3053e2bad0a18571bdbb9596ce51f9d458f5934f\spring-jcl-5.0.4.RELEASE.jar;C:\Users\cesantin\.gradle\caches\modules-2\files-2.1\com.fasterxml.jackson.core\jackson-annotations\2.9.0\7c10d545325e3a6e72e06381afe469fd40eb701\jackson-annotations-2.9.0.jar;C:\Users\cesantin\.gradle\caches\modules-2\files-2.1\com.fasterxml.jackson.core\jackson-core\2.9.4\a9a71ec1aa37da47db168fede9a4a5fb5e374320\jackson-core-2.9.4.jar;C:\Users\cesantin\.gradle\caches\modules-2\files-2.1\net.minidev\accessors-smart\1.2\c592b500269bfde36096641b01238a8350f8aa31\accessors-smart-1.2.jar;C:\Users\cesantin\.gradle\caches\modules-2\files-2.1\ch.qos.logback\logback-core\1.2.3\864344400c3d4d92dfeb0a305dc87d953677c03c\logback-core-1.2.3.jar;C:\Users\cesantin\.gradle\caches\modules-2\files-2.1\org.apache.logging.log4j\log4j-api\2.10.0\fec5797a55b786184a537abd39c3fa1449d752d6\log4j-api-2.10.0.jar;C:\Users\cesantin\.gradle\caches\modules-2\files-2.1\org.ow2.asm\asm\5.0.4\da08b8cce7bbf903602a25a3a163ae252435795\asm-5.0.4.jar, user.name=cesantin, java.vm.specification.version=1.8, sun.java.command=worker.org.gradle.process.internal.worker.GradleWorkerMain 'Gradle Test Executor 7', java.home=P:\DevelopTools\Java\jdk1.8.0_152\jre, sun.arch.data.model=64, user.language=pt, java.specification.vendor=Oracle Corporation, awt.toolkit=sun.awt.windows.WToolkit, java.vm.info=mixed mode, java.version=1.8.0_152, java.ext.dirs=P:\DevelopTools\Java\jdk1.8.0_152\jre\lib\ext;C:\WINDOWS\Sun\Java\lib\ext, sun.boot.class.path=P:\DevelopTools\Java\jdk1.8.0_152\jre\lib\resources.jar;P:\DevelopTools\Java\jdk1.8.0_152\jre\lib\rt.jar;P:\DevelopTools\Java\jdk1.8.0_152\jre\lib\sunrsasign.jar;P:\DevelopTools\Java\jdk1.8.0_152\jre\lib\jsse.jar;P:\DevelopTools\Java\jdk1.8.0_152\jre\lib\jce.jar;P:\DevelopTools\Java\jdk1.8.0_152\jre\lib\charsets.jar;P:\DevelopTools\Java\jdk1.8.0_152\jre\lib\jfr.jar;P:\DevelopTools\Java\jdk1.8.0_152\jre\classes, java.vendor=Oracle Corporation, org.gradle.test.worker=7, file.separator=\, java.vendor.url.bug=http://bugreport.sun.com/bugreport/, sun.io.unicode.encoding=UnicodeLittle, sun.cpu.endian=little, sun.desktop=windows, sun.cpu.isalist=amd64}}, SystemEnvironmentPropertySource@1443808925 {name='systemEnvironment', properties={USERDOMAIN_ROAMINGPROFILE=ENDEEPER, PROCESSOR_LEVEL=6, Platform=BPC, FP_NO_HOST_CHECK=NO, M2=C:\DevelopTools\apache-maven-3.3.9\bin, GRAILS_HOME=C:\jenv\candidates\grails\3.2.1, SESSIONNAME=Console, ALLUSERSPROFILE=C:\ProgramData, PROCESSOR_ARCHITECTURE=AMD64, PSModulePath=C:\Users\cesantin\Documents\WindowsPowerShell\Modules;C:\Program Files\WindowsPowerShell\Modules;C:\WINDOWS\system32\WindowsPowerShell\v1.0\Modules\, SystemDrive=C:, =ExitCode=00000001, DIRNAME=P:\Santin\EasyMoto\, USERNAME=cesantin, USERDNSDOMAIN=ENDEEPER.LOCAL, CMD_LINE_ARGS=build, OOBEUILang=pt-BR, ProgramFiles(x86)=C:\Program Files (x86), FPS_BROWSER_USER_PROFILE_STRING=Default, APP_HOME=P:\Santin\EasyMoto\, PATHEXT=.COM;.EXE;.BAT;.CMD;.VBS;.VBE;.JS;.JSE;.WSF;.WSH;.MSC;.CPL, JBOSS_PROFILER_DLL_PATH=P:\jboss-5.1.0.GA\, XMLTOOLS_LIBS=c:\DevelopTools\xmltools\libxml\bin;c:\DevelopTools\xmltools\libxslt\bin;c:\DevelopTools\xmltools\iconv\bin;c:\DevelopTools\xmltools\zlib\bin, HOMESHARE=\\devsrv1\home\cesantin, ProgramData=C:\ProgramData, ProgramW6432=C:\Program Files, HOMEPATH=\, PROCESSOR_IDENTIFIER=Intel64 Family 6 Model 42 Stepping 7, GenuineIntel, M2_HOME=C:\DevelopTools\apache-maven-3.3.9, ProgramFiles=C:\Program Files, PUBLIC=C:\Users\Public, windir=C:\WINDOWS, =::=::\, _SKIP=2, LOCALAPPDATA=C:\Users\cesantin\AppData\Local, USERDOMAIN=ENDEEPER, FPS_BROWSER_APP_PROFILE_STRING=Internet Explorer, LOGONSERVER=\\DEVSRV1, JAVA_HOME=C:\jenv\candidates\java\1.8.0_40, PROMPT=$P$G, GRADLE_HOME=c:\jenv\candidates\gradle\4.6, ANT_HOME=C:\DevelopTools\apache-ant-1.7.0, FPPUILang=en-US, OneDrive=C:\Users\cesantin\OneDrive, APPDATA=C:\Users\cesantin\AppData\Roaming, JAVA_EXE=C:\jenv\candidates\java\1.8.0_40/bin/java.exe, windows_tracing_logfile=C:\BVTBin\Tests\installpackage\csilogfile.log, CommonProgramFiles=C:\Program Files\Common Files, Path=c:\jenv\candidates\gradle\4.6\bin;C:\jenv\candidates\java\1.8.0_40\bin;C:\jenv\candidates\grails\3.2.1\bin;C:\jenv\candidates\gradle\3.0\bin;C:\jenv\candidates\java\1.8.0_40\bin;C:\jenv\candidates\grails\3.2.1\bin;C:\jenv\candidates\gradle\3.0\bin;C:\ProgramData\Oracle\Java\javapath;P:\DevelopTools\Java\jdk1.8.0_152\bin;P:\oracle\product\11.2.0\client_1\bin;C:\Program Files\Common Files\Microsoft Shared\Windows Live;C:\Program Files (x86)\Common Files\Microsoft Shared\Windows Live;C:\WINDOWS\system32;C:\WINDOWS;C:\WINDOWS\System32\Wbem;C:\WINDOWS\System32\WindowsPowerShell\v1.0\;c:\Program Files\Intel\DMIX;C:\Program Files (x86)\Intel\Services\IPT\;C:\Program Files (x86)\Windows Live\Shared;C:\DevelopTools\apache-ant-1.7.0;c:\DevelopTools\xmltools\libxml\bin;c:\DevelopTools\xmltools\libxslt\bin;c:\DevelopTools\xmltools\iconv\bin;c:\DevelopTools\xmltools\zlib\bin;C:\Program Files (x86)\Intel\OpenCL SDK\2.0\bin\x86;C:\Program Files (x86)\Intel\OpenCL SDK\2.0\bin\x64;C:\DevelopTools\apache-maven-3.3.9\bin;C:\Program Files (x86)\Microsoft SQL Server\100\Tools\Binn\;C:\Program Files (x86)\Microsoft SQL Server\100\DTS\Binn\;C:\Program Files\TortoiseHg\;C:\Program Files (x86)\Common Files\Acronis\SnapAPI\;C:\Users\cesantin\AppData\Local\Atlassian\SourceTree\git_local\bin;P:\Santin\grails-3.3.1\bin;C:\Program Files (x86)\Skype\Phone\;C:\Program Files\OpenVPN\bin;P:\DevelopTools\sbt\bin;P:\DevelopTools\nodejs\;C:\Program Files (x86)\CVSNT\;P:\jboss-5.1.0.GA\;C:\Users\cesantin\AppData\Local\atom\bin;C:\Users\cesantin\AppData\Local\Microsoft\WindowsApps;C:\Users\cesantin\AppData\Roaming\npm, OS=Windows_NT, windows_tracing_flags=3, COMPUTERNAME=SKINNER, =P:=P:\Santin\EasyMoto, SBT_HOME=P:\DevelopTools\sbt, OnlineServices=Online Services, PROCESSOR_REVISION=2a07, CLASSPATH=P:\Santin\EasyMoto\\gradle\wrapper\gradle-wrapper.jar, CommonProgramW6432=C:\Program Files\Common Files, ComSpec=C:\WINDOWS\system32\cmd.exe, APP_BASE_NAME=gradlew, SystemRoot=C:\WINDOWS, TEMP=C:\Users\cesantin\AppData\Local\Temp, HOMEDRIVE=U:, USERPROFILE=C:\Users\cesantin, TMP=C:\Users\cesantin\AppData\Local\Temp, CommonProgramFiles(x86)=C:\Program Files (x86)\Common Files, NUMBER_OF_PROCESSORS=8, caminho=C:\oraclexe\app\oracle\product\11.2.0\server\bin;}}]
23:27:17.281 [Test worker] DEBUG org.springframework.test.context.support.TestPropertySourceUtils - Adding inlined properties to environment: {spring.jmx.enabled=false, org.springframework.boot.test.context.SpringBootTestContextBootstrapper=true, server.port=0}
23:27:17.281 [Test worker] DEBUG org.springframework.core.env.StandardEnvironment - Adding PropertySource 'Inlined Test Properties' with highest search precedence

  .   ____          _            __ _ _
 /\\ / ___'_ __ _ _(_)_ __  __ _ \ \ \ \
( ( )\___ | '_ | '_| | '_ \/ _` | \ \ \ \
 \\/  ___)| |_)| | | | | || (_| |  ) ) ) )
  '  |____| .__|_| |_|_| |_\__, | / / / /
 =========|_|==============|___/=/_/_/_/
 :: Spring Boot ::        (v2.0.0.RELEASE)

2018-03-26 23:27:17.512  INFO 7856 --- [    Test worker] hello.HelloControllerIT                  : Starting HelloControllerIT on skinner with PID 7856 (started by cesantin in P:\Santin\EasyMoto)
2018-03-26 23:27:17.512  INFO 7856 --- [    Test worker] hello.HelloControllerIT                  : No active profile set, falling back to default profiles: default
2018-03-26 23:27:17.543  INFO 7856 --- [    Test worker] ConfigServletWebServerApplicationContext : Refreshing org.springframework.boot.web.servlet.context.AnnotationConfigServletWebServerApplicationContext@6dfc6e2: startup date [Mon Mar 26 23:27:17 BRT 2018]; root of context hierarchy
2018-03-26 23:27:18.709  INFO 7856 --- [    Test worker] o.s.b.w.embedded.tomcat.TomcatWebServer  : Tomcat initialized with port(s): 0 (http)
2018-03-26 23:27:18.740  INFO 7856 --- [    Test worker] o.apache.catalina.core.StandardService   : Starting service [Tomcat]
2018-03-26 23:27:18.740  INFO 7856 --- [    Test worker] org.apache.catalina.core.StandardEngine  : Starting Servlet Engine: Apache Tomcat/8.5.28
2018-03-26 23:27:18.756  INFO 7856 --- [ost-startStop-1] o.a.catalina.core.AprLifecycleListener   : The APR based Apache Tomcat Native library which allows optimal performance in production environments was not found on the java.library.path: [P:\DevelopTools\Java\jdk1.8.0_152\bin;C:\WINDOWS\Sun\Java\bin;C:\WINDOWS\system32;C:\WINDOWS;c:\jenv\candidates\gradle\4.6\bin;C:\jenv\candidates\java\1.8.0_40\bin;C:\jenv\candidates\grails\3.2.1\bin;C:\jenv\candidates\gradle\3.0\bin;C:\jenv\candidates\java\1.8.0_40\bin;C:\jenv\candidates\grails\3.2.1\bin;C:\jenv\candidates\gradle\3.0\bin;C:\ProgramData\Oracle\Java\javapath;P:\DevelopTools\Java\jdk1.8.0_152\bin;P:\oracle\product\11.2.0\client_1\bin;C:\Program Files\Common Files\Microsoft Shared\Windows Live;C:\Program Files (x86)\Common Files\Microsoft Shared\Windows Live;C:\WINDOWS\system32;C:\WINDOWS;C:\WINDOWS\System32\Wbem;C:\WINDOWS\System32\WindowsPowerShell\v1.0\;c:\Program Files\Intel\DMIX;C:\Program Files (x86)\Intel\Services\IPT\;C:\Program Files (x86)\Windows Live\Shared;C:\DevelopTools\apache-ant-1.7.0;c:\DevelopTools\xmltools\libxml\bin;c:\DevelopTools\xmltools\libxslt\bin;c:\DevelopTools\xmltools\iconv\bin;c:\DevelopTools\xmltools\zlib\bin;C:\Program Files (x86)\Intel\OpenCL SDK\2.0\bin\x86;C:\Program Files (x86)\Intel\OpenCL SDK\2.0\bin\x64;C:\DevelopTools\apache-maven-3.3.9\bin;C:\Program Files (x86)\Microsoft SQL Server\100\Tools\Binn\;C:\Program Files (x86)\Microsoft SQL Server\100\DTS\Binn\;C:\Program Files\TortoiseHg\;C:\Program Files (x86)\Common Files\Acronis\SnapAPI\;C:\Users\cesantin\AppData\Local\Atlassian\SourceTree\git_local\bin;P:\Santin\grails-3.3.1\bin;C:\Program Files (x86)\Skype\Phone\;C:\Program Files\OpenVPN\bin;P:\DevelopTools\sbt\bin;P:\DevelopTools\nodejs\;C:\Program Files (x86)\CVSNT\;P:\jboss-5.1.0.GA\;C:\Users\cesantin\AppData\Local\atom\bin;C:\Users\cesantin\AppData\Local\Microsoft\WindowsApps;C:\Users\cesantin\AppData\Roaming\npm;.]
2018-03-26 23:27:18.874  INFO 7856 --- [ost-startStop-1] o.a.c.c.C.[Tomcat].[localhost].[/]       : Initializing Spring embedded WebApplicationContext
2018-03-26 23:27:18.874  INFO 7856 --- [ost-startStop-1] o.s.web.context.ContextLoader            : Root WebApplicationContext: initialization completed in 1331 ms
2018-03-26 23:27:19.000  INFO 7856 --- [ost-startStop-1] o.s.b.w.servlet.ServletRegistrationBean  : Servlet dispatcherServlet mapped to [/]
2018-03-26 23:27:19.000  INFO 7856 --- [ost-startStop-1] o.s.b.w.servlet.FilterRegistrationBean   : Mapping filter: 'characterEncodingFilter' to: [/*]
2018-03-26 23:27:19.000  INFO 7856 --- [ost-startStop-1] o.s.b.w.servlet.FilterRegistrationBean   : Mapping filter: 'hiddenHttpMethodFilter' to: [/*]
2018-03-26 23:27:19.000  INFO 7856 --- [ost-startStop-1] o.s.b.w.servlet.FilterRegistrationBean   : Mapping filter: 'httpPutFormContentFilter' to: [/*]
2018-03-26 23:27:19.000  INFO 7856 --- [ost-startStop-1] o.s.b.w.servlet.FilterRegistrationBean   : Mapping filter: 'requestContextFilter' to: [/*]
2018-03-26 23:27:19.368  INFO 7856 --- [    Test worker] s.w.s.m.m.a.RequestMappingHandlerAdapter : Looking for @ControllerAdvice: org.springframework.boot.web.servlet.context.AnnotationConfigServletWebServerApplicationContext@6dfc6e2: startup date [Mon Mar 26 23:27:17 BRT 2018]; root of context hierarchy
2018-03-26 23:27:19.456  INFO 7856 --- [    Test worker] s.w.s.m.m.a.RequestMappingHandlerMapping : Mapped "{[/]}" onto public java.lang.String hello.HelloController.index()
2018-03-26 23:27:19.456  INFO 7856 --- [    Test worker] s.w.s.m.m.a.RequestMappingHandlerMapping : Mapped "{[/error]}" onto public org.springframework.http.ResponseEntity<java.util.Map<java.lang.String, java.lang.Object>> org.springframework.boot.autoconfigure.web.servlet.error.BasicErrorController.error(javax.servlet.http.HttpServletRequest)
2018-03-26 23:27:19.456  INFO 7856 --- [    Test worker] s.w.s.m.m.a.RequestMappingHandlerMapping : Mapped "{[/error],produces=[text/html]}" onto public org.springframework.web.servlet.ModelAndView org.springframework.boot.autoconfigure.web.servlet.error.BasicErrorController.errorHtml(javax.servlet.http.HttpServletRequest,javax.servlet.http.HttpServletResponse)
2018-03-26 23:27:19.492  INFO 7856 --- [    Test worker] o.s.w.s.handler.SimpleUrlHandlerMapping  : Mapped URL path [/webjars/**] onto handler of type [class org.springframework.web.servlet.resource.ResourceHttpRequestHandler]
2018-03-26 23:27:19.492  INFO 7856 --- [    Test worker] o.s.w.s.handler.SimpleUrlHandlerMapping  : Mapped URL path [/**] onto handler of type [class org.springframework.web.servlet.resource.ResourceHttpRequestHandler]
2018-03-26 23:27:19.555  INFO 7856 --- [    Test worker] o.s.w.s.handler.SimpleUrlHandlerMapping  : Mapped URL path [/**/favicon.ico] onto handler of type [class org.springframework.web.servlet.resource.ResourceHttpRequestHandler]
2018-03-26 23:27:19.750  INFO 7856 --- [    Test worker] o.s.b.w.embedded.tomcat.TomcatWebServer  : Tomcat started on port(s): 56430 (http) with context path ''
2018-03-26 23:27:19.766  INFO 7856 --- [    Test worker] hello.HelloControllerIT                  : Started HelloControllerIT in 2.485 seconds (JVM running for 3.529)
Let's inspect the beans provided by Spring Boot:
application
basicErrorController
beanNameHandlerMapping
beanNameViewResolver
characterEncodingFilter
commandLineRunner
conventionErrorViewResolver
defaultServletHandlerMapping
defaultValidator
defaultViewResolver
dispatcherServlet
dispatcherServletRegistration
error
errorAttributes
errorPageCustomizer
errorPageRegistrarBeanPostProcessor
faviconHandlerMapping
faviconRequestHandler
handlerExceptionResolver
helloController
hiddenHttpMethodFilter
httpPutFormContentFilter
httpRequestHandlerAdapter
jacksonCodecCustomizer
jacksonObjectMapper
jacksonObjectMapperBuilder
jsonComponentModule
localeCharsetMappingsCustomizer
mappingJackson2HttpMessageConverter
messageConverters
methodValidationPostProcessor
multipartConfigElement
multipartResolver
mvcContentNegotiationManager
mvcConversionService
mvcHandlerMappingIntrospector
mvcPathMatcher
mvcResourceUrlProvider
mvcUriComponentsContributor
mvcUrlPathHelper
mvcValidator
mvcViewResolver
org.springframework.boot.autoconfigure.AutoConfigurationPackages
org.springframework.boot.autoconfigure.condition.BeanTypeRegistry
org.springframework.boot.autoconfigure.context.ConfigurationPropertiesAutoConfiguration
org.springframework.boot.autoconfigure.context.PropertyPlaceholderAutoConfiguration
org.springframework.boot.autoconfigure.http.HttpMessageConvertersAutoConfiguration
org.springframework.boot.autoconfigure.http.HttpMessageConvertersAutoConfiguration$StringHttpMessageConverterConfiguration
org.springframework.boot.autoconfigure.http.JacksonHttpMessageConvertersConfiguration
org.springframework.boot.autoconfigure.http.JacksonHttpMessageConvertersConfiguration$MappingJackson2HttpMessageConverterConfiguration
org.springframework.boot.autoconfigure.http.codec.CodecsAutoConfiguration
org.springframework.boot.autoconfigure.http.codec.CodecsAutoConfiguration$JacksonCodecConfiguration
org.springframework.boot.autoconfigure.info.ProjectInfoAutoConfiguration
org.springframework.boot.autoconfigure.internalCachingMetadataReaderFactory
org.springframework.boot.autoconfigure.jackson.JacksonAutoConfiguration
org.springframework.boot.autoconfigure.jackson.JacksonAutoConfiguration$Jackson2ObjectMapperBuilderCustomizerConfiguration
org.springframework.boot.autoconfigure.jackson.JacksonAutoConfiguration$JacksonObjectMapperBuilderConfiguration
org.springframework.boot.autoconfigure.jackson.JacksonAutoConfiguration$JacksonObjectMapperConfiguration
org.springframework.boot.autoconfigure.jackson.JacksonAutoConfiguration$ParameterNamesModuleConfiguration
org.springframework.boot.autoconfigure.security.reactive.ReactiveSecurityAutoConfiguration
org.springframework.boot.autoconfigure.validation.ValidationAutoConfiguration
org.springframework.boot.autoconfigure.web.client.RestTemplateAutoConfiguration
org.springframework.boot.autoconfigure.web.embedded.EmbeddedWebServerFactoryCustomizerAutoConfiguration
org.springframework.boot.autoconfigure.web.embedded.EmbeddedWebServerFactoryCustomizerAutoConfiguration$TomcatWebServerFactoryCustomizerConfiguration
org.springframework.boot.autoconfigure.web.servlet.DispatcherServletAutoConfiguration
org.springframework.boot.autoconfigure.web.servlet.DispatcherServletAutoConfiguration$DispatcherServletConfiguration
org.springframework.boot.autoconfigure.web.servlet.DispatcherServletAutoConfiguration$DispatcherServletRegistrationConfiguration
org.springframework.boot.autoconfigure.web.servlet.HttpEncodingAutoConfiguration
org.springframework.boot.autoconfigure.web.servlet.MultipartAutoConfiguration
org.springframework.boot.autoconfigure.web.servlet.ServletWebServerFactoryAutoConfiguration
org.springframework.boot.autoconfigure.web.servlet.ServletWebServerFactoryConfiguration$EmbeddedTomcat
org.springframework.boot.autoconfigure.web.servlet.WebMvcAutoConfiguration
org.springframework.boot.autoconfigure.web.servlet.WebMvcAutoConfiguration$EnableWebMvcConfiguration
org.springframework.boot.autoconfigure.web.servlet.WebMvcAutoConfiguration$WebMvcAutoConfigurationAdapter
org.springframework.boot.autoconfigure.web.servlet.WebMvcAutoConfiguration$WebMvcAutoConfigurationAdapter$FaviconConfiguration
org.springframework.boot.autoconfigure.web.servlet.error.ErrorMvcAutoConfiguration
org.springframework.boot.autoconfigure.web.servlet.error.ErrorMvcAutoConfiguration$DefaultErrorViewResolverConfiguration
org.springframework.boot.autoconfigure.web.servlet.error.ErrorMvcAutoConfiguration$WhitelabelErrorViewConfiguration
org.springframework.boot.autoconfigure.websocket.servlet.WebSocketServletAutoConfiguration
org.springframework.boot.autoconfigure.websocket.servlet.WebSocketServletAutoConfiguration$TomcatWebSocketConfiguration
org.springframework.boot.context.properties.ConfigurationBeanFactoryMetadata
org.springframework.boot.context.properties.ConfigurationPropertiesBindingPostProcessor
org.springframework.boot.test.mock.mockito.MockitoPostProcessor
org.springframework.boot.test.mock.mockito.MockitoPostProcessor$SpyPostProcessor
org.springframework.boot.test.web.client.TestRestTemplate
org.springframework.boot.test.web.client.TestRestTemplateContextCustomizer$TestRestTemplateRegistrar
org.springframework.context.annotation.internalAutowiredAnnotationProcessor
org.springframework.context.annotation.internalCommonAnnotationProcessor
org.springframework.context.annotation.internalConfigurationAnnotationProcessor
org.springframework.context.annotation.internalRequiredAnnotationProcessor
org.springframework.context.event.internalEventListenerFactory
org.springframework.context.event.internalEventListenerProcessor
parameterNamesModule
preserveErrorControllerTargetClassPostProcessor
propertySourcesPlaceholderConfigurer
requestContextFilter
requestMappingHandlerAdapter
requestMappingHandlerMapping
resourceHandlerMapping
restTemplateBuilder
server-org.springframework.boot.autoconfigure.web.ServerProperties
servletWebServerFactoryCustomizer
simpleControllerHandlerAdapter
spring.http.encoding-org.springframework.boot.autoconfigure.http.HttpEncodingProperties
spring.info-org.springframework.boot.autoconfigure.info.ProjectInfoProperties
spring.jackson-org.springframework.boot.autoconfigure.jackson.JacksonProperties
spring.mvc-org.springframework.boot.autoconfigure.web.servlet.WebMvcProperties
spring.resources-org.springframework.boot.autoconfigure.web.ResourceProperties
spring.security-org.springframework.boot.autoconfigure.security.SecurityProperties
spring.servlet.multipart-org.springframework.boot.autoconfigure.web.servlet.MultipartProperties
standardJacksonObjectMapperBuilderCustomizer
stringHttpMessageConverter
tomcatServletWebServerFactory
tomcatServletWebServerFactoryCustomizer
tomcatWebServerFactoryCustomizer
viewControllerHandlerMapping
viewResolver
webServerFactoryCustomizerBeanPostProcessor
websocketContainerCustomizer
welcomePageHandlerMapping
2018-03-26 23:27:19.958  INFO 7856 --- [o-auto-1-exec-3] o.a.c.c.C.[Tomcat].[localhost].[/]       : Initializing Spring FrameworkServlet 'dispatcherServlet'
2018-03-26 23:27:19.958  INFO 7856 --- [o-auto-1-exec-3] o.s.web.servlet.DispatcherServlet        : FrameworkServlet 'dispatcherServlet': initialization started
2018-03-26 23:27:19.973  INFO 7856 --- [o-auto-1-exec-3] o.s.web.servlet.DispatcherServlet        : FrameworkServlet 'dispatcherServlet': initialization completed in 15 ms
]]></system-out>
  <system-err><![CDATA[]]></system-err>
</testsuite>
